<?xml version="1.0" encoding="UTF-8"?>
<!-- Generated by org.testng.reporters.JUnitReportReporter -->
<testsuite hostname="LAPTOP-TUSR5JH3" name="com.phptravels.Test.somkeTest" tests="1" failures="0" timestamp="11 Jul 2017 22:54:03 GMT" time="62.115" errors="0">
  <testcase name="hotel_smokeTesting" time="62.115" classname="com.phptravels.Test.somkeTest"/>
</testsuite> <!-- com.phptravels.Test.somkeTest -->
